# JRE version: OpenJDK Runtime Environment (8.0_242-b01) (build 1.8.0_242-release-1644-b01)
# Java VM: OpenJDK 64-Bit Server VM (25.242-b01 mixed mode windows-amd64 compressed oops)
Heap:
 PSYoungGen      total 338944K, used 330045K [0x00000000d5580000, 0x00000000f4980000, 0x0000000100000000)
  eden space 301056K, 97% used [0x00000000d5580000,0x00000000e72d0bc8,0x00000000e7b80000)
  from space 37888K, 99% used [0x00000000ec600000,0x00000000eeafeb70,0x00000000eeb00000)
  to   space 76288K, 0% used [0x00000000e7b80000,0x00000000e7b80000,0x00000000ec600000)
 ParOldGen       total 338432K, used 154461K [0x0000000080000000, 0x0000000094a80000, 0x00000000d5580000)
  object space 338432K, 45% used [0x0000000080000000,0x00000000896d77d0,0x0000000094a80000)
 Metaspace       used 94690K, capacity 99348K, committed 102168K, reserved 1138688K
  class space    used 12352K, capacity 13153K, committed 13872K, reserved 1048576K
GC Heap History (10 events):
Event: 48.096 GC heap before
{Heap before GC invocations=18 (full 3):
 PSYoungGen      total 286208K, used 81531K [0x00000000d5580000, 0x00000000ea480000, 0x0000000100000000)
  eden space 260096K, 21% used [0x00000000d5580000,0x00000000d8ba15e8,0x00000000e5380000)
  from space 26112K, 99% used [0x00000000e7600000,0x00000000e8f7d948,0x00000000e8f80000)
  to   space 35328K, 0% used [0x00000000e5380000,0x00000000e5380000,0x00000000e7600000)
 ParOldGen       total 226816K, used 66912K [0x0000000080000000, 0x000000008dd80000, 0x00000000d5580000)
  object space 226816K, 29% used [0x0000000080000000,0x0000000084158338,0x000000008dd80000)
 Metaspace       used 92361K, capacity 98558K, committed 98600K, reserved 1134592K
  class space    used 12604K, capacity 13732K, committed 13744K, reserved 1048576K
Event: 48.114 GC heap after
Heap after GC invocations=18 (full 3):
 PSYoungGen      total 295424K, used 9731K [0x00000000d5580000, 0x00000000ec680000, 0x0000000100000000)
  eden space 260096K, 0% used [0x00000000d5580000,0x00000000d5580000,0x00000000e5380000)
  from space 35328K, 27% used [0x00000000e5380000,0x00000000e5d00f20,0x00000000e7600000)
  to   space 34304K, 0% used [0x00000000ea500000,0x00000000ea500000,0x00000000ec680000)
 ParOldGen       total 226816K, used 82385K [0x0000000080000000, 0x000000008dd80000, 0x00000000d5580000)
  object space 226816K, 36% used [0x0000000080000000,0x0000000085074780,0x000000008dd80000)
 Metaspace       used 92361K, capacity 98558K, committed 98600K, reserved 1134592K
  class space    used 12604K, capacity 13732K, committed 13744K, reserved 1048576K
}
Event: 48.114 GC heap before
{Heap before GC invocations=19 (full 4):
 PSYoungGen      total 295424K, used 9731K [0x00000000d5580000, 0x00000000ec680000, 0x0000000100000000)
  eden space 260096K, 0% used [0x00000000d5580000,0x00000000d5580000,0x00000000e5380000)
  from space 35328K, 27% used [0x00000000e5380000,0x00000000e5d00f20,0x00000000e7600000)
  to   space 34304K, 0% used [0x00000000ea500000,0x00000000ea500000,0x00000000ec680000)
 ParOldGen       total 226816K, used 82385K [0x0000000080000000, 0x000000008dd80000, 0x00000000d5580000)
  object space 226816K, 36% used [0x0000000080000000,0x0000000085074780,0x000000008dd80000)
 Metaspace       used 92361K, capacity 98558K, committed 98600K, reserved 1134592K
  class space    used 12604K, capacity 13732K, committed 13744K, reserved 1048576K
Event: 48.381 GC heap after
Heap after GC invocations=19 (full 4):
 PSYoungGen      total 295424K, used 0K [0x00000000d5580000, 0x00000000ec680000, 0x0000000100000000)
  eden space 260096K, 0% used [0x00000000d5580000,0x00000000d5580000,0x00000000e5380000)
  from space 35328K, 0% used [0x00000000e5380000,0x00000000e5380000,0x00000000e7600000)
  to   space 34304K, 0% used [0x00000000ea500000,0x00000000ea500000,0x00000000ec680000)
 ParOldGen       total 338432K, used 64351K [0x0000000080000000, 0x0000000094a80000, 0x00000000d5580000)
  object space 338432K, 19% used [0x0000000080000000,0x0000000083ed7de8,0x0000000094a80000)
 Metaspace       used 91117K, capacity 95412K, committed 98600K, reserved 1134592K
  class space    used 12166K, capacity 12953K, committed 13744K, reserved 1048576K
}
Event: 149.905 GC heap before
{Heap before GC invocations=20 (full 4):
 PSYoungGen      total 295424K, used 260096K [0x00000000d5580000, 0x00000000ec680000, 0x0000000100000000)
  eden space 260096K, 100% used [0x00000000d5580000,0x00000000e5380000,0x00000000e5380000)
  from space 35328K, 0% used [0x00000000e5380000,0x00000000e5380000,0x00000000e7600000)
  to   space 34304K, 0% used [0x00000000ea500000,0x00000000ea500000,0x00000000ec680000)
 ParOldGen       total 338432K, used 64351K [0x0000000080000000, 0x0000000094a80000, 0x00000000d5580000)
  object space 338432K, 19% used [0x0000000080000000,0x0000000083ed7de8,0x0000000094a80000)
 Metaspace       used 93654K, capacity 98138K, committed 101144K, reserved 1136640K
  class space    used 12333K, capacity 13134K, committed 13872K, reserved 1048576K
Event: 149.931 GC heap after
Heap after GC invocations=20 (full 4):
 PSYoungGen      total 332288K, used 15754K [0x00000000d5580000, 0x00000000ebf80000, 0x0000000100000000)
  eden space 305152K, 0% used [0x00000000d5580000,0x00000000d5580000,0x00000000e7f80000)
  from space 27136K, 58% used [0x00000000ea500000,0x00000000eb462bc8,0x00000000ebf80000)
  to   space 32768K, 0% used [0x00000000e7f80000,0x00000000e7f80000,0x00000000e9f80000)
 ParOldGen       total 338432K, used 64359K [0x0000000080000000, 0x0000000094a80000, 0x00000000d5580000)
  object space 338432K, 19% used [0x0000000080000000,0x0000000083ed9de8,0x0000000094a80000)
 Metaspace       used 93654K, capacity 98138K, committed 101144K, reserved 1136640K
  class space    used 12333K, capacity 13134K, committed 13872K, reserved 1048576K
}
Event: 152.902 GC heap before
{Heap before GC invocations=21 (full 4):
 PSYoungGen      total 332288K, used 320906K [0x00000000d5580000, 0x00000000ebf80000, 0x0000000100000000)
  eden space 305152K, 100% used [0x00000000d5580000,0x00000000e7f80000,0x00000000e7f80000)
  from space 27136K, 58% used [0x00000000ea500000,0x00000000eb462bc8,0x00000000ebf80000)
  to   space 32768K, 0% used [0x00000000e7f80000,0x00000000e7f80000,0x00000000e9f80000)
 ParOldGen       total 338432K, used 64359K [0x0000000080000000, 0x0000000094a80000, 0x00000000d5580000)
  object space 338432K, 19% used [0x0000000080000000,0x0000000083ed9de8,0x0000000094a80000)
 Metaspace       used 94286K, capacity 98854K, committed 101656K, reserved 1136640K
  class space    used 12346K, capacity 13150K, committed 13872K, reserved 1048576K
Event: 152.921 GC heap after
Heap after GC invocations=21 (full 4):
 PSYoungGen      total 337920K, used 32767K [0x00000000d5580000, 0x00000000eeb00000, 0x0000000100000000)
  eden space 305152K, 0% used [0x00000000d5580000,0x00000000d5580000,0x00000000e7f80000)
  from space 32768K, 99% used [0x00000000e7f80000,0x00000000e9f7ff08,0x00000000e9f80000)
  to   space 37888K, 0% used [0x00000000ec600000,0x00000000ec600000,0x00000000eeb00000)
 ParOldGen       total 338432K, used 65745K [0x0000000080000000, 0x0000000094a80000, 0x00000000d5580000)
  object space 338432K, 19% used [0x0000000080000000,0x00000000840347a8,0x0000000094a80000)
 Metaspace       used 94286K, capacity 98854K, committed 101656K, reserved 1136640K
  class space    used 12346K, capacity 13150K, committed 13872K, reserved 1048576K
}
Event: 156.049 GC heap before
{Heap before GC invocations=22 (full 4):
 PSYoungGen      total 337920K, used 337919K [0x00000000d5580000, 0x00000000eeb00000, 0x0000000100000000)
  eden space 305152K, 100% used [0x00000000d5580000,0x00000000e7f80000,0x00000000e7f80000)
  from space 32768K, 99% used [0x00000000e7f80000,0x00000000e9f7ff08,0x00000000e9f80000)
  to   space 37888K, 0% used [0x00000000ec600000,0x00000000ec600000,0x00000000eeb00000)
 ParOldGen       total 338432K, used 65745K [0x0000000080000000, 0x0000000094a80000, 0x00000000d5580000)
  object space 338432K, 19% used [0x0000000080000000,0x00000000840347a8,0x0000000094a80000)
 Metaspace       used 94571K, capacity 99220K, committed 101912K, reserved 1136640K
  class space    used 12352K, capacity 13153K, committed 13872K, reserved 1048576K
Event: 156.171 GC heap after
Heap after GC invocations=22 (full 4):
 PSYoungGen      total 338944K, used 37882K [0x00000000d5580000, 0x00000000f4980000, 0x0000000100000000)
  eden space 301056K, 0% used [0x00000000d5580000,0x00000000d5580000,0x00000000e7b80000)
  from space 37888K, 99% used [0x00000000ec600000,0x00000000eeafeb70,0x00000000eeb00000)
  to   space 76288K, 0% used [0x00000000e7b80000,0x00000000e7b80000,0x00000000ec600000)
 ParOldGen       total 338432K, used 154461K [0x0000000080000000, 0x0000000094a80000, 0x00000000d5580000)
  object space 338432K, 45% used [0x0000000080000000,0x00000000896d77d0,0x0000000094a80000)
 Metaspace       used 94571K, capacity 99220K, committed 101912K, reserved 1136640K
  class space    used 12352K, capacity 13153K, committed 13872K, reserved 1048576K
}

